2023-06-13 16:09:12,823 [Worker-1: Loading available Gradle versions] INFO  o.e.b.c.i.u.g.PublishedGradleVersions - Gradle version information cache is out-of-date. Trying to update.
2023-06-13 16:12:01,814 [Worker-10: Launching mavenrun-a8eb22d0-1ab5-41ca-bf26-7335b0e9d679] INFO  o.eclipse.m2e.core.internal.Bundles - getClasspathEntries(Bundle=org.eclipse.m2e.maven.runtime_3.8.701.20230209-1606 [346])
2023-06-13 16:12:01,872 [Worker-10: Launching mavenrun-a8eb22d0-1ab5-41ca-bf26-7335b0e9d679] INFO  o.eclipse.m2e.core.internal.Bundles - 	Entry: C:\Users\Minal Kumari\Desktop\sts-4.18.0.RELEASE\plugins\org.eclipse.m2e.maven.runtime_3.8.701.20230209-1606
2023-06-13 16:12:01,872 [Worker-10: Launching mavenrun-a8eb22d0-1ab5-41ca-bf26-7335b0e9d679] INFO  o.eclipse.m2e.core.internal.Bundles - 	Entry: C:\Users\Minal Kumari\Desktop\sts-4.18.0.RELEASE\plugins\org.eclipse.m2e.maven.runtime_3.8.701.20230209-1606\jars\aether-connector-okhttp-0.17.8.jar
2023-06-13 16:12:01,874 [Worker-10: Launching mavenrun-a8eb22d0-1ab5-41ca-bf26-7335b0e9d679] INFO  o.eclipse.m2e.core.internal.Bundles - 	Entry: C:\Users\Minal Kumari\Desktop\sts-4.18.0.RELEASE\plugins\org.eclipse.m2e.maven.runtime_3.8.701.20230209-1606\jars\commons-lang3-3.8.1.jar
2023-06-13 16:12:01,874 [Worker-10: Launching mavenrun-a8eb22d0-1ab5-41ca-bf26-7335b0e9d679] INFO  o.eclipse.m2e.core.internal.Bundles - 	Entry: C:\Users\Minal Kumari\Desktop\sts-4.18.0.RELEASE\plugins\org.eclipse.m2e.maven.runtime_3.8.701.20230209-1606\jars\guice-4.2.2-no_aop.jar
2023-06-13 16:12:01,874 [Worker-10: Launching mavenrun-a8eb22d0-1ab5-41ca-bf26-7335b0e9d679] INFO  o.eclipse.m2e.core.internal.Bundles - 	Entry: C:\Users\Minal Kumari\Desktop\sts-4.18.0.RELEASE\plugins\org.eclipse.m2e.maven.runtime_3.8.701.20230209-1606\jars\jansi-2.4.0.jar
2023-06-13 16:12:01,874 [Worker-10: Launching mavenrun-a8eb22d0-1ab5-41ca-bf26-7335b0e9d679] INFO  o.eclipse.m2e.core.internal.Bundles - 	Entry: C:\Users\Minal Kumari\Desktop\sts-4.18.0.RELEASE\plugins\org.eclipse.m2e.maven.runtime_3.8.701.20230209-1606\jars\maven-artifact-3.8.7.jar
2023-06-13 16:12:01,874 [Worker-10: Launching mavenrun-a8eb22d0-1ab5-41ca-bf26-7335b0e9d679] INFO  o.eclipse.m2e.core.internal.Bundles - 	Entry: C:\Users\Minal Kumari\Desktop\sts-4.18.0.RELEASE\plugins\org.eclipse.m2e.maven.runtime_3.8.701.20230209-1606\jars\maven-builder-support-3.8.7.jar
2023-06-13 16:12:01,875 [Worker-10: Launching mavenrun-a8eb22d0-1ab5-41ca-bf26-7335b0e9d679] INFO  o.eclipse.m2e.core.internal.Bundles - 	Entry: C:\Users\Minal Kumari\Desktop\sts-4.18.0.RELEASE\plugins\org.eclipse.m2e.maven.runtime_3.8.701.20230209-1606\jars\maven-compat-3.8.7.jar
2023-06-13 16:12:01,875 [Worker-10: Launching mavenrun-a8eb22d0-1ab5-41ca-bf26-7335b0e9d679] INFO  o.eclipse.m2e.core.internal.Bundles - 	Entry: C:\Users\Minal Kumari\Desktop\sts-4.18.0.RELEASE\plugins\org.eclipse.m2e.maven.runtime_3.8.701.20230209-1606\jars\maven-core-3.8.7.jar
2023-06-13 16:12:01,875 [Worker-10: Launching mavenrun-a8eb22d0-1ab5-41ca-bf26-7335b0e9d679] INFO  o.eclipse.m2e.core.internal.Bundles - 	Entry: C:\Users\Minal Kumari\Desktop\sts-4.18.0.RELEASE\plugins\org.eclipse.m2e.maven.runtime_3.8.701.20230209-1606\jars\maven-embedder-3.8.7.jar
2023-06-13 16:12:01,875 [Worker-10: Launching mavenrun-a8eb22d0-1ab5-41ca-bf26-7335b0e9d679] INFO  o.eclipse.m2e.core.internal.Bundles - 	Entry: C:\Users\Minal Kumari\Desktop\sts-4.18.0.RELEASE\plugins\org.eclipse.m2e.maven.runtime_3.8.701.20230209-1606\jars\maven-model-3.8.7.jar
2023-06-13 16:12:01,875 [Worker-10: Launching mavenrun-a8eb22d0-1ab5-41ca-bf26-7335b0e9d679] INFO  o.eclipse.m2e.core.internal.Bundles - 	Entry: C:\Users\Minal Kumari\Desktop\sts-4.18.0.RELEASE\plugins\org.eclipse.m2e.maven.runtime_3.8.701.20230209-1606\jars\maven-model-builder-3.8.7.jar
2023-06-13 16:12:01,875 [Worker-10: Launching mavenrun-a8eb22d0-1ab5-41ca-bf26-7335b0e9d679] INFO  o.eclipse.m2e.core.internal.Bundles - 	Entry: C:\Users\Minal Kumari\Desktop\sts-4.18.0.RELEASE\plugins\org.eclipse.m2e.maven.runtime_3.8.701.20230209-1606\jars\maven-plugin-api-3.8.7.jar
2023-06-13 16:12:01,875 [Worker-10: Launching mavenrun-a8eb22d0-1ab5-41ca-bf26-7335b0e9d679] INFO  o.eclipse.m2e.core.internal.Bundles - 	Entry: C:\Users\Minal Kumari\Desktop\sts-4.18.0.RELEASE\plugins\org.eclipse.m2e.maven.runtime_3.8.701.20230209-1606\jars\maven-repository-metadata-3.8.7.jar
2023-06-13 16:12:01,876 [Worker-10: Launching mavenrun-a8eb22d0-1ab5-41ca-bf26-7335b0e9d679] INFO  o.eclipse.m2e.core.internal.Bundles - 	Entry: C:\Users\Minal Kumari\Desktop\sts-4.18.0.RELEASE\plugins\org.eclipse.m2e.maven.runtime_3.8.701.20230209-1606\jars\maven-resolver-api-1.6.3.jar
2023-06-13 16:12:01,876 [Worker-10: Launching mavenrun-a8eb22d0-1ab5-41ca-bf26-7335b0e9d679] INFO  o.eclipse.m2e.core.internal.Bundles - 	Entry: C:\Users\Minal Kumari\Desktop\sts-4.18.0.RELEASE\plugins\org.eclipse.m2e.maven.runtime_3.8.701.20230209-1606\jars\maven-resolver-connector-basic-1.6.3.jar
2023-06-13 16:12:01,876 [Worker-10: Launching mavenrun-a8eb22d0-1ab5-41ca-bf26-7335b0e9d679] INFO  o.eclipse.m2e.core.internal.Bundles - 	Entry: C:\Users\Minal Kumari\Desktop\sts-4.18.0.RELEASE\plugins\org.eclipse.m2e.maven.runtime_3.8.701.20230209-1606\jars\maven-resolver-impl-1.6.3.jar
2023-06-13 16:12:01,876 [Worker-10: Launching mavenrun-a8eb22d0-1ab5-41ca-bf26-7335b0e9d679] INFO  o.eclipse.m2e.core.internal.Bundles - 	Entry: C:\Users\Minal Kumari\Desktop\sts-4.18.0.RELEASE\plugins\org.eclipse.m2e.maven.runtime_3.8.701.20230209-1606\jars\maven-resolver-provider-3.8.7.jar
2023-06-13 16:12:01,876 [Worker-10: Launching mavenrun-a8eb22d0-1ab5-41ca-bf26-7335b0e9d679] INFO  o.eclipse.m2e.core.internal.Bundles - 	Entry: C:\Users\Minal Kumari\Desktop\sts-4.18.0.RELEASE\plugins\org.eclipse.m2e.maven.runtime_3.8.701.20230209-1606\jars\maven-resolver-spi-1.6.3.jar
2023-06-13 16:12:01,877 [Worker-10: Launching mavenrun-a8eb22d0-1ab5-41ca-bf26-7335b0e9d679] INFO  o.eclipse.m2e.core.internal.Bundles - 	Entry: C:\Users\Minal Kumari\Desktop\sts-4.18.0.RELEASE\plugins\org.eclipse.m2e.maven.runtime_3.8.701.20230209-1606\jars\maven-resolver-transport-wagon-1.6.3.jar
2023-06-13 16:12:01,877 [Worker-10: Launching mavenrun-a8eb22d0-1ab5-41ca-bf26-7335b0e9d679] INFO  o.eclipse.m2e.core.internal.Bundles - 	Entry: C:\Users\Minal Kumari\Desktop\sts-4.18.0.RELEASE\plugins\org.eclipse.m2e.maven.runtime_3.8.701.20230209-1606\jars\maven-resolver-util-1.6.3.jar
2023-06-13 16:12:01,877 [Worker-10: Launching mavenrun-a8eb22d0-1ab5-41ca-bf26-7335b0e9d679] INFO  o.eclipse.m2e.core.internal.Bundles - 	Entry: C:\Users\Minal Kumari\Desktop\sts-4.18.0.RELEASE\plugins\org.eclipse.m2e.maven.runtime_3.8.701.20230209-1606\jars\maven-settings-3.8.7.jar
2023-06-13 16:12:01,877 [Worker-10: Launching mavenrun-a8eb22d0-1ab5-41ca-bf26-7335b0e9d679] INFO  o.eclipse.m2e.core.internal.Bundles - 	Entry: C:\Users\Minal Kumari\Desktop\sts-4.18.0.RELEASE\plugins\org.eclipse.m2e.maven.runtime_3.8.701.20230209-1606\jars\maven-settings-builder-3.8.7.jar
2023-06-13 16:12:01,877 [Worker-10: Launching mavenrun-a8eb22d0-1ab5-41ca-bf26-7335b0e9d679] INFO  o.eclipse.m2e.core.internal.Bundles - 	Entry: C:\Users\Minal Kumari\Desktop\sts-4.18.0.RELEASE\plugins\org.eclipse.m2e.maven.runtime_3.8.701.20230209-1606\jars\maven-shared-utils-3.3.4.jar
2023-06-13 16:12:01,878 [Worker-10: Launching mavenrun-a8eb22d0-1ab5-41ca-bf26-7335b0e9d679] INFO  o.eclipse.m2e.core.internal.Bundles - 	Entry: C:\Users\Minal Kumari\Desktop\sts-4.18.0.RELEASE\plugins\org.eclipse.m2e.maven.runtime_3.8.701.20230209-1606\jars\okhttp-3.14.1.jar
2023-06-13 16:12:01,878 [Worker-10: Launching mavenrun-a8eb22d0-1ab5-41ca-bf26-7335b0e9d679] INFO  o.eclipse.m2e.core.internal.Bundles - 	Entry: C:\Users\Minal Kumari\Desktop\sts-4.18.0.RELEASE\plugins\org.eclipse.m2e.maven.runtime_3.8.701.20230209-1606\jars\okio-1.17.3.jar
2023-06-13 16:12:01,878 [Worker-10: Launching mavenrun-a8eb22d0-1ab5-41ca-bf26-7335b0e9d679] INFO  o.eclipse.m2e.core.internal.Bundles - 	Entry: C:\Users\Minal Kumari\Desktop\sts-4.18.0.RELEASE\plugins\org.eclipse.m2e.maven.runtime_3.8.701.20230209-1606\jars\org.eclipse.sisu.inject-0.3.5.jar
2023-06-13 16:12:01,878 [Worker-10: Launching mavenrun-a8eb22d0-1ab5-41ca-bf26-7335b0e9d679] INFO  o.eclipse.m2e.core.internal.Bundles - 	Entry: C:\Users\Minal Kumari\Desktop\sts-4.18.0.RELEASE\plugins\org.eclipse.m2e.maven.runtime_3.8.701.20230209-1606\jars\org.eclipse.sisu.plexus-0.3.5.jar
2023-06-13 16:12:01,878 [Worker-10: Launching mavenrun-a8eb22d0-1ab5-41ca-bf26-7335b0e9d679] INFO  o.eclipse.m2e.core.internal.Bundles - 	Entry: C:\Users\Minal Kumari\Desktop\sts-4.18.0.RELEASE\plugins\org.eclipse.m2e.maven.runtime_3.8.701.20230209-1606\jars\plexus-build-api-0.0.7.jar
2023-06-13 16:12:01,879 [Worker-10: Launching mavenrun-a8eb22d0-1ab5-41ca-bf26-7335b0e9d679] INFO  o.eclipse.m2e.core.internal.Bundles - 	Entry: C:\Users\Minal Kumari\Desktop\sts-4.18.0.RELEASE\plugins\org.eclipse.m2e.maven.runtime_3.8.701.20230209-1606\jars\plexus-cipher-2.0.jar
2023-06-13 16:12:01,879 [Worker-10: Launching mavenrun-a8eb22d0-1ab5-41ca-bf26-7335b0e9d679] INFO  o.eclipse.m2e.core.internal.Bundles - 	Entry: C:\Users\Minal Kumari\Desktop\sts-4.18.0.RELEASE\plugins\org.eclipse.m2e.maven.runtime_3.8.701.20230209-1606\jars\plexus-classworlds-2.6.0.jar
2023-06-13 16:12:01,879 [Worker-10: Launching mavenrun-a8eb22d0-1ab5-41ca-bf26-7335b0e9d679] INFO  o.eclipse.m2e.core.internal.Bundles - 	Entry: C:\Users\Minal Kumari\Desktop\sts-4.18.0.RELEASE\plugins\org.eclipse.m2e.maven.runtime_3.8.701.20230209-1606\jars\plexus-component-annotations-2.1.0.jar
2023-06-13 16:12:01,879 [Worker-10: Launching mavenrun-a8eb22d0-1ab5-41ca-bf26-7335b0e9d679] INFO  o.eclipse.m2e.core.internal.Bundles - 	Entry: C:\Users\Minal Kumari\Desktop\sts-4.18.0.RELEASE\plugins\org.eclipse.m2e.maven.runtime_3.8.701.20230209-1606\jars\plexus-interpolation-1.26.jar
2023-06-13 16:12:01,880 [Worker-10: Launching mavenrun-a8eb22d0-1ab5-41ca-bf26-7335b0e9d679] INFO  o.eclipse.m2e.core.internal.Bundles - 	Entry: C:\Users\Minal Kumari\Desktop\sts-4.18.0.RELEASE\plugins\org.eclipse.m2e.maven.runtime_3.8.701.20230209-1606\jars\plexus-sec-dispatcher-2.0.jar
2023-06-13 16:12:01,880 [Worker-10: Launching mavenrun-a8eb22d0-1ab5-41ca-bf26-7335b0e9d679] INFO  o.eclipse.m2e.core.internal.Bundles - 	Entry: C:\Users\Minal Kumari\Desktop\sts-4.18.0.RELEASE\plugins\org.eclipse.m2e.maven.runtime_3.8.701.20230209-1606\jars\plexus-utils-3.3.1.jar
2023-06-13 16:12:01,880 [Worker-10: Launching mavenrun-a8eb22d0-1ab5-41ca-bf26-7335b0e9d679] INFO  o.eclipse.m2e.core.internal.Bundles - 	Entry: C:\Users\Minal Kumari\Desktop\sts-4.18.0.RELEASE\plugins\org.eclipse.m2e.maven.runtime_3.8.701.20230209-1606\jars\wagon-file-3.5.3.jar
2023-06-13 16:12:01,880 [Worker-10: Launching mavenrun-a8eb22d0-1ab5-41ca-bf26-7335b0e9d679] INFO  o.eclipse.m2e.core.internal.Bundles - 	Entry: C:\Users\Minal Kumari\Desktop\sts-4.18.0.RELEASE\plugins\org.eclipse.m2e.maven.runtime_3.8.701.20230209-1606\jars\wagon-provider-api-3.5.3.jar
2023-06-13 16:12:01,882 [Worker-10: Launching mavenrun-a8eb22d0-1ab5-41ca-bf26-7335b0e9d679] INFO  o.eclipse.m2e.core.internal.Bundles - getClasspathEntries(Bundle=com.google.guava_31.1.0.jre [23])
2023-06-13 16:12:01,883 [Worker-10: Launching mavenrun-a8eb22d0-1ab5-41ca-bf26-7335b0e9d679] INFO  o.eclipse.m2e.core.internal.Bundles - 	Entry: C:\Users\Minal Kumari\Desktop\sts-4.18.0.RELEASE\plugins\com.google.guava_31.1.0.jre.jar
2023-06-13 16:12:01,883 [Worker-10: Launching mavenrun-a8eb22d0-1ab5-41ca-bf26-7335b0e9d679] INFO  o.eclipse.m2e.core.internal.Bundles - getClasspathEntries(Bundle=slf4j.api_1.7.36 [580])
2023-06-13 16:12:01,884 [Worker-10: Launching mavenrun-a8eb22d0-1ab5-41ca-bf26-7335b0e9d679] INFO  o.eclipse.m2e.core.internal.Bundles - 	Entry: C:\Users\Minal Kumari\Desktop\sts-4.18.0.RELEASE\plugins\slf4j.api_1.7.36.jar
2023-06-13 16:12:01,884 [Worker-10: Launching mavenrun-a8eb22d0-1ab5-41ca-bf26-7335b0e9d679] INFO  o.eclipse.m2e.core.internal.Bundles - getClasspathEntries(Bundle=javax.inject_1.0.0.v20220405-0441 [50])
2023-06-13 16:12:01,901 [Worker-10: Launching mavenrun-a8eb22d0-1ab5-41ca-bf26-7335b0e9d679] INFO  o.eclipse.m2e.core.internal.Bundles - 	Entry: C:\Users\Minal Kumari\Desktop\sts-4.18.0.RELEASE\plugins\javax.inject_1.0.0.v20220405-0441.jar
2023-06-13 16:12:01,901 [Worker-10: Launching mavenrun-a8eb22d0-1ab5-41ca-bf26-7335b0e9d679] INFO  o.eclipse.m2e.core.internal.Bundles - getClasspathEntries(Bundle=javax.annotation_1.3.5.v20221203-1659 [48])
2023-06-13 16:12:01,916 [Worker-10: Launching mavenrun-a8eb22d0-1ab5-41ca-bf26-7335b0e9d679] INFO  o.eclipse.m2e.core.internal.Bundles - 	Entry: C:\Users\Minal Kumari\Desktop\sts-4.18.0.RELEASE\plugins\javax.annotation_1.3.5.v20221203-1659.jar
2023-06-13 16:12:01,917 [Worker-10: Launching mavenrun-a8eb22d0-1ab5-41ca-bf26-7335b0e9d679] INFO  o.eclipse.m2e.core.internal.Bundles - getClasspathEntries(Bundle=org.apache.commons.cli_1.4.0.v20221112-0806 [73])
2023-06-13 16:12:01,935 [Worker-10: Launching mavenrun-a8eb22d0-1ab5-41ca-bf26-7335b0e9d679] INFO  o.eclipse.m2e.core.internal.Bundles - 	Entry: C:\Users\Minal Kumari\Desktop\sts-4.18.0.RELEASE\plugins\org.apache.commons.cli_1.4.0.v20221112-0806.jar
2023-06-13 16:12:01,935 [Worker-10: Launching mavenrun-a8eb22d0-1ab5-41ca-bf26-7335b0e9d679] INFO  o.eclipse.m2e.core.internal.Bundles - getClasspathEntries(Bundle=com.google.guava.failureaccess_1.0.1 [25])
2023-06-13 16:12:01,936 [Worker-10: Launching mavenrun-a8eb22d0-1ab5-41ca-bf26-7335b0e9d679] INFO  o.eclipse.m2e.core.internal.Bundles - 	Entry: C:\Users\Minal Kumari\Desktop\sts-4.18.0.RELEASE\plugins\com.google.guava.failureaccess_1.0.1.jar
2023-06-13 16:12:01,973 [Worker-10: Launching mavenrun-a8eb22d0-1ab5-41ca-bf26-7335b0e9d679] INFO  o.e.m.i.launch.MavenLaunchDelegate - Run build in "C:\Users\MINALK~1\AppData\Local\Temp\m2e-archetypeGenerator11649422016281291092":
2023-06-13 16:12:02,034 [Worker-10: Launching mavenrun-a8eb22d0-1ab5-41ca-bf26-7335b0e9d679] INFO  o.e.m.i.launch.MavenLaunchDelegate -  mvn  -DarchetypeGroupId=org.apache.maven.archetypes -DarchetypeArtifactId=maven-archetype-quickstart -DarchetypeVersion=1.4 -DgroupId=CustomerRelationshipManagement -DartifactId=CustomerRelationshipManagement -Dversion=0.0.1-SNAPSHOT -Dpackage=com.masai -DoutputDirectory="C:\Users\Minal Kumari\Desktop\JAVA PROJECT CONSTRUCT" -Dstyle.color=always -U archetype:generate
2023-06-13 16:13:17,116 [Worker-7: Creating maven-archetype-quickstart] INFO  o.e.m.c.i.p.ProjectConfigurationManager - Collecting project info '/pom.xml' C:\Users\Minal Kumari\Desktop\JAVA PROJECT CONSTRUCT\CustomerRelationshipManagement\pom.xml
2023-06-13 16:13:30,684 [Worker-7: Creating maven-archetype-quickstart] INFO  o.e.m.c.i.l.LifecycleMappingFactory - Using org.eclipse.m2e.jdt.JarLifecycleMapping lifecycle mapping for MavenProject: CustomerRelationshipManagement:CustomerRelationshipManagement:0.0.1-SNAPSHOT @ C:\Users\Minal Kumari\Desktop\JAVA PROJECT CONSTRUCT\CustomerRelationshipManagement\pom.xml.
2023-06-13 16:13:36,621 [Worker-7: Creating maven-archetype-quickstart] INFO  o.e.m.j.i.AbstractJavaProjectConfigurator - Adding source folder /CustomerRelationshipManagement/src/main/java
2023-06-13 16:13:36,644 [Worker-7: Creating maven-archetype-quickstart] INFO  o.e.m.j.i.AbstractJavaProjectConfigurator - Adding source folder /CustomerRelationshipManagement/src/test/java
2023-06-13 16:13:39,002 [Worker-7: Creating maven-archetype-quickstart] INFO  o.e.m.c.i.p.ProjectConfigurationManager - Imported and configured 1 project(s) in 21 sec
2023-06-13 16:13:39,791 [Worker-8: Building] INFO  o.e.m.c.i.embedder.EclipseLogger - Using 'UTF-8' encoding to copy filtered resources.
2023-06-13 16:13:39,791 [Worker-8: Building] INFO  o.e.m.c.i.embedder.EclipseLogger - skip non existing resourceDirectory C:\Users\Minal Kumari\Desktop\JAVA PROJECT CONSTRUCT\CustomerRelationshipManagement\src\main\resources
2023-06-13 16:13:39,813 [Worker-8: Building] INFO  o.e.m.c.i.embedder.EclipseLogger - Using 'UTF-8' encoding to copy filtered resources.
2023-06-13 16:13:39,813 [Worker-8: Building] INFO  o.e.m.c.i.embedder.EclipseLogger - skip non existing resourceDirectory C:\Users\Minal Kumari\Desktop\JAVA PROJECT CONSTRUCT\CustomerRelationshipManagement\src\test\resources
2023-06-13 16:13:55,431 [Worker-4: Building] WARN  o.e.m.c.i.embedder.EclipseLogger - The artifact org.hibernate:hibernate-core:jar:6.2.3.Final has been relocated to org.hibernate.orm:hibernate-core:jar:6.2.3.Final
2023-06-13 16:13:56,009 [Worker-4: Building] INFO  o.e.m.c.i.l.LifecycleMappingFactory - Using org.eclipse.m2e.jdt.JarLifecycleMapping lifecycle mapping for MavenProject: Day13:masaiDB:0.0.1-SNAPSHOT @ C:\Users\Minal Kumari\Desktop\JAVA PROJECT CONSTRUCT\CustomerRelationshipManagement\pom.xml.
2023-06-13 16:13:56,015 [Worker-4: Building] WARN  o.e.m.c.i.embedder.EclipseLogger - The artifact org.hibernate:hibernate-core:jar:6.2.3.Final has been relocated to org.hibernate.orm:hibernate-core:jar:6.2.3.Final
2023-06-13 16:13:59,535 [Worker-4: Building] INFO  o.e.m.c.i.embedder.EclipseLogger - Using 'UTF-8' encoding to copy filtered resources.
2023-06-13 16:13:59,535 [Worker-4: Building] INFO  o.e.m.c.i.embedder.EclipseLogger - skip non existing resourceDirectory C:\Users\Minal Kumari\Desktop\JAVA PROJECT CONSTRUCT\CustomerRelationshipManagement\src\main\resources
2023-06-13 16:13:59,540 [Worker-4: Building] INFO  o.e.m.c.i.embedder.EclipseLogger - Using 'UTF-8' encoding to copy filtered resources.
2023-06-13 16:13:59,540 [Worker-4: Building] INFO  o.e.m.c.i.embedder.EclipseLogger - skip non existing resourceDirectory C:\Users\Minal Kumari\Desktop\JAVA PROJECT CONSTRUCT\CustomerRelationshipManagement\src\test\resources
2023-06-13 16:14:29,538 [Worker-6: Building] INFO  o.e.m.c.i.embedder.EclipseLogger - Using 'UTF-8' encoding to copy filtered resources.
2023-06-13 16:14:29,538 [Worker-6: Building] INFO  o.e.m.c.i.embedder.EclipseLogger - skip non existing resourceDirectory C:\Users\Minal Kumari\Desktop\JAVA PROJECT CONSTRUCT\CustomerRelationshipManagement\src\main\resources
2023-06-13 16:14:29,546 [Worker-6: Building] INFO  o.e.m.c.i.embedder.EclipseLogger - Using 'UTF-8' encoding to copy filtered resources.
2023-06-13 16:14:29,546 [Worker-6: Building] INFO  o.e.m.c.i.embedder.EclipseLogger - skip non existing resourceDirectory C:\Users\Minal Kumari\Desktop\JAVA PROJECT CONSTRUCT\CustomerRelationshipManagement\src\test\resources
2023-06-13 16:14:30,653 [Worker-7: Building] INFO  o.e.m.c.i.embedder.EclipseLogger - Using 'UTF-8' encoding to copy filtered resources.
2023-06-13 16:14:30,653 [Worker-7: Building] INFO  o.e.m.c.i.embedder.EclipseLogger - skip non existing resourceDirectory C:\Users\Minal Kumari\Desktop\JAVA PROJECT CONSTRUCT\CustomerRelationshipManagement\src\main\resources
2023-06-13 16:14:30,656 [Worker-7: Building] INFO  o.e.m.c.i.embedder.EclipseLogger - Using 'UTF-8' encoding to copy filtered resources.
2023-06-13 16:14:30,656 [Worker-7: Building] INFO  o.e.m.c.i.embedder.EclipseLogger - skip non existing resourceDirectory C:\Users\Minal Kumari\Desktop\JAVA PROJECT CONSTRUCT\CustomerRelationshipManagement\src\test\resources
2023-06-13 16:14:43,460 [Worker-2: Building] INFO  o.e.m.c.i.embedder.EclipseLogger - Using 'UTF-8' encoding to copy filtered resources.
2023-06-13 16:14:43,460 [Worker-2: Building] INFO  o.e.m.c.i.embedder.EclipseLogger - skip non existing resourceDirectory C:\Users\Minal Kumari\Desktop\JAVA PROJECT CONSTRUCT\CustomerRelationshipManagement\src\main\resources
2023-06-13 16:14:43,465 [Worker-2: Building] INFO  o.e.m.c.i.embedder.EclipseLogger - Using 'UTF-8' encoding to copy filtered resources.
2023-06-13 16:14:43,466 [Worker-2: Building] INFO  o.e.m.c.i.embedder.EclipseLogger - skip non existing resourceDirectory C:\Users\Minal Kumari\Desktop\JAVA PROJECT CONSTRUCT\CustomerRelationshipManagement\src\test\resources
2023-06-13 16:15:08,093 [Worker-4: Updating Maven Project] INFO  o.e.m.c.i.p.ProjectConfigurationManager - Update started
2023-06-13 16:15:08,534 [Worker-4: Updating Maven Project] INFO  o.e.m.c.i.l.LifecycleMappingFactory - Using org.eclipse.m2e.jdt.JarLifecycleMapping lifecycle mapping for MavenProject: Day13:masaiDB:0.0.1-SNAPSHOT @ C:\Users\Minal Kumari\Desktop\JAVA PROJECT CONSTRUCT\CustomerRelationshipManagement\pom.xml.
2023-06-13 16:15:08,616 [Worker-4: Updating Maven Project] WARN  o.e.m.c.i.embedder.EclipseLogger - The artifact org.hibernate:hibernate-core:jar:6.2.3.Final has been relocated to org.hibernate.orm:hibernate-core:jar:6.2.3.Final
2023-06-13 16:15:08,927 [Worker-4: Updating Maven Project] INFO  o.e.m.j.i.AbstractJavaProjectConfigurator - Adding source folder /CustomerRelationshipManagement/src/main/java
2023-06-13 16:15:08,927 [Worker-4: Updating Maven Project] INFO  o.e.m.j.i.AbstractJavaProjectConfigurator - Adding source folder /CustomerRelationshipManagement/src/test/java
2023-06-13 16:15:09,304 [Worker-4: Updating Maven Project] INFO  o.e.m.c.i.p.ProjectConfigurationManager - Update completed for 1 poms: local refresh takes 0.00 sec, refresh facades takes 0.00 sec, update config takes 0.00 sec 
2023-06-13 16:15:09,459 [Worker-10: Building] INFO  o.e.m.c.i.embedder.EclipseLogger - Using 'UTF-8' encoding to copy filtered resources.
2023-06-13 16:15:09,459 [Worker-10: Building] INFO  o.e.m.c.i.embedder.EclipseLogger - skip non existing resourceDirectory C:\Users\Minal Kumari\Desktop\JAVA PROJECT CONSTRUCT\CustomerRelationshipManagement\src\main\resources
2023-06-13 16:15:09,464 [Worker-10: Building] INFO  o.e.m.c.i.embedder.EclipseLogger - Using 'UTF-8' encoding to copy filtered resources.
2023-06-13 16:15:09,464 [Worker-10: Building] INFO  o.e.m.c.i.embedder.EclipseLogger - skip non existing resourceDirectory C:\Users\Minal Kumari\Desktop\JAVA PROJECT CONSTRUCT\CustomerRelationshipManagement\src\test\resources
2023-06-13 16:16:59,523 [Worker-9: Building] INFO  o.e.m.c.i.embedder.EclipseLogger - Using 'UTF-8' encoding to copy filtered resources.
2023-06-13 16:16:59,614 [Worker-9: Building] INFO  o.e.m.c.i.embedder.EclipseLogger - Copying 1 resource
2023-06-13 16:16:59,647 [Worker-9: Building] INFO  o.e.m.c.i.embedder.EclipseLogger - Using 'UTF-8' encoding to copy filtered resources.
2023-06-13 16:16:59,648 [Worker-9: Building] INFO  o.e.m.c.i.embedder.EclipseLogger - skip non existing resourceDirectory C:\Users\Minal Kumari\Desktop\JAVA PROJECT CONSTRUCT\CustomerRelationshipManagement\src\test\resources
2023-06-13 16:18:12,099 [Worker-10: Building] INFO  o.e.m.c.i.embedder.EclipseLogger - Using 'UTF-8' encoding to copy filtered resources.
2023-06-13 16:18:12,101 [Worker-10: Building] INFO  o.e.m.c.i.embedder.EclipseLogger - Copying 1 resource
2023-06-13 16:18:12,114 [Worker-10: Building] INFO  o.e.m.c.i.embedder.EclipseLogger - Using 'UTF-8' encoding to copy filtered resources.
2023-06-13 16:18:12,114 [Worker-10: Building] INFO  o.e.m.c.i.embedder.EclipseLogger - skip non existing resourceDirectory C:\Users\Minal Kumari\Desktop\JAVA PROJECT CONSTRUCT\CustomerRelationshipManagement\src\test\resources
2023-06-13 18:23:42,013 [Worker-13: Building] INFO  o.e.m.c.i.embedder.EclipseLogger - Using 'UTF-8' encoding to copy filtered resources.
2023-06-13 18:23:42,106 [Worker-13: Building] INFO  o.e.m.c.i.embedder.EclipseLogger - Copying 1 resource
2023-06-13 18:23:42,110 [Worker-13: Building] INFO  o.e.m.c.i.embedder.EclipseLogger - Using 'UTF-8' encoding to copy filtered resources.
2023-06-13 18:23:42,110 [Worker-13: Building] INFO  o.e.m.c.i.embedder.EclipseLogger - skip non existing resourceDirectory C:\Users\Minal Kumari\Desktop\JAVA PROJECT CONSTRUCT\CustomerRelationshipManagement\src\test\resources
2023-06-13 18:29:53,949 [Worker-14: Building] INFO  o.e.m.c.i.embedder.EclipseLogger - Using 'UTF-8' encoding to copy filtered resources.
2023-06-13 18:29:53,950 [Worker-14: Building] INFO  o.e.m.c.i.embedder.EclipseLogger - Copying 1 resource
2023-06-13 18:29:53,952 [Worker-14: Building] INFO  o.e.m.c.i.embedder.EclipseLogger - Using 'UTF-8' encoding to copy filtered resources.
2023-06-13 18:29:53,952 [Worker-14: Building] INFO  o.e.m.c.i.embedder.EclipseLogger - skip non existing resourceDirectory C:\Users\Minal Kumari\Desktop\JAVA PROJECT CONSTRUCT\CustomerRelationshipManagement\src\test\resources
2023-06-13 18:30:27,072 [Worker-16: Building] INFO  o.e.m.c.i.embedder.EclipseLogger - Using 'UTF-8' encoding to copy filtered resources.
2023-06-13 18:30:27,073 [Worker-16: Building] INFO  o.e.m.c.i.embedder.EclipseLogger - Copying 1 resource
2023-06-13 18:30:27,076 [Worker-16: Building] INFO  o.e.m.c.i.embedder.EclipseLogger - Using 'UTF-8' encoding to copy filtered resources.
2023-06-13 18:30:27,076 [Worker-16: Building] INFO  o.e.m.c.i.embedder.EclipseLogger - skip non existing resourceDirectory C:\Users\Minal Kumari\Desktop\JAVA PROJECT CONSTRUCT\CustomerRelationshipManagement\src\test\resources
2023-06-13 18:34:16,016 [Worker-17: Building] INFO  o.e.m.c.i.embedder.EclipseLogger - Using 'UTF-8' encoding to copy filtered resources.
2023-06-13 18:34:16,016 [Worker-17: Building] INFO  o.e.m.c.i.embedder.EclipseLogger - Copying 1 resource
2023-06-13 18:34:16,019 [Worker-17: Building] INFO  o.e.m.c.i.embedder.EclipseLogger - Using 'UTF-8' encoding to copy filtered resources.
2023-06-13 18:34:16,019 [Worker-17: Building] INFO  o.e.m.c.i.embedder.EclipseLogger - skip non existing resourceDirectory C:\Users\Minal Kumari\Desktop\JAVA PROJECT CONSTRUCT\CustomerRelationshipManagement\src\test\resources
2023-06-13 18:34:36,917 [Worker-18: Building] INFO  o.e.m.c.i.embedder.EclipseLogger - Using 'UTF-8' encoding to copy filtered resources.
2023-06-13 18:34:36,918 [Worker-18: Building] INFO  o.e.m.c.i.embedder.EclipseLogger - Copying 1 resource
2023-06-13 18:34:36,921 [Worker-18: Building] INFO  o.e.m.c.i.embedder.EclipseLogger - Using 'UTF-8' encoding to copy filtered resources.
2023-06-13 18:34:36,921 [Worker-18: Building] INFO  o.e.m.c.i.embedder.EclipseLogger - skip non existing resourceDirectory C:\Users\Minal Kumari\Desktop\JAVA PROJECT CONSTRUCT\CustomerRelationshipManagement\src\test\resources
2023-06-13 18:40:46,681 [Worker-21: Building] INFO  o.e.m.c.i.embedder.EclipseLogger - Using 'UTF-8' encoding to copy filtered resources.
2023-06-13 18:40:46,683 [Worker-21: Building] INFO  o.e.m.c.i.embedder.EclipseLogger - Copying 1 resource
2023-06-13 18:40:46,689 [Worker-21: Building] INFO  o.e.m.c.i.embedder.EclipseLogger - Using 'UTF-8' encoding to copy filtered resources.
2023-06-13 18:40:46,689 [Worker-21: Building] INFO  o.e.m.c.i.embedder.EclipseLogger - skip non existing resourceDirectory C:\Users\Minal Kumari\Desktop\JAVA PROJECT CONSTRUCT\CustomerRelationshipManagement\src\test\resources
2023-06-13 18:50:18,597 [Worker-20: Building] INFO  o.e.m.c.i.embedder.EclipseLogger - Using 'UTF-8' encoding to copy filtered resources.
2023-06-13 18:50:18,602 [Worker-20: Building] INFO  o.e.m.c.i.embedder.EclipseLogger - Copying 1 resource
2023-06-13 18:50:18,665 [Worker-20: Building] INFO  o.e.m.c.i.embedder.EclipseLogger - Using 'UTF-8' encoding to copy filtered resources.
2023-06-13 18:50:18,665 [Worker-20: Building] INFO  o.e.m.c.i.embedder.EclipseLogger - skip non existing resourceDirectory C:\Users\Minal Kumari\Desktop\JAVA PROJECT CONSTRUCT\CustomerRelationshipManagement\src\test\resources
2023-06-13 19:04:59,878 [Worker-29: Building] INFO  o.e.m.c.i.embedder.EclipseLogger - Using 'UTF-8' encoding to copy filtered resources.
2023-06-13 19:04:59,885 [Worker-29: Building] INFO  o.e.m.c.i.embedder.EclipseLogger - Copying 1 resource
2023-06-13 19:04:59,904 [Worker-29: Building] INFO  o.e.m.c.i.embedder.EclipseLogger - Using 'UTF-8' encoding to copy filtered resources.
2023-06-13 19:04:59,904 [Worker-29: Building] INFO  o.e.m.c.i.embedder.EclipseLogger - skip non existing resourceDirectory C:\Users\Minal Kumari\Desktop\JAVA PROJECT CONSTRUCT\CustomerRelationshipManagement\src\test\resources
2023-06-13 19:05:32,327 [Worker-30: Building] INFO  o.e.m.c.i.embedder.EclipseLogger - Using 'UTF-8' encoding to copy filtered resources.
2023-06-13 19:05:32,329 [Worker-30: Building] INFO  o.e.m.c.i.embedder.EclipseLogger - Copying 1 resource
2023-06-13 19:05:32,334 [Worker-30: Building] INFO  o.e.m.c.i.embedder.EclipseLogger - Using 'UTF-8' encoding to copy filtered resources.
2023-06-13 19:05:32,334 [Worker-30: Building] INFO  o.e.m.c.i.embedder.EclipseLogger - skip non existing resourceDirectory C:\Users\Minal Kumari\Desktop\JAVA PROJECT CONSTRUCT\CustomerRelationshipManagement\src\test\resources
2023-06-13 19:05:47,848 [Worker-31: Building] INFO  o.e.m.c.i.embedder.EclipseLogger - Using 'UTF-8' encoding to copy filtered resources.
2023-06-13 19:05:47,849 [Worker-31: Building] INFO  o.e.m.c.i.embedder.EclipseLogger - Copying 1 resource
2023-06-13 19:05:47,856 [Worker-31: Building] INFO  o.e.m.c.i.embedder.EclipseLogger - Using 'UTF-8' encoding to copy filtered resources.
2023-06-13 19:05:47,857 [Worker-31: Building] INFO  o.e.m.c.i.embedder.EclipseLogger - skip non existing resourceDirectory C:\Users\Minal Kumari\Desktop\JAVA PROJECT CONSTRUCT\CustomerRelationshipManagement\src\test\resources
2023-06-13 19:06:47,044 [Worker-30: Building] INFO  o.e.m.c.i.embedder.EclipseLogger - Using 'UTF-8' encoding to copy filtered resources.
2023-06-13 19:06:47,046 [Worker-30: Building] INFO  o.e.m.c.i.embedder.EclipseLogger - Copying 1 resource
2023-06-13 19:06:47,050 [Worker-30: Building] INFO  o.e.m.c.i.embedder.EclipseLogger - Using 'UTF-8' encoding to copy filtered resources.
2023-06-13 19:06:47,050 [Worker-30: Building] INFO  o.e.m.c.i.embedder.EclipseLogger - skip non existing resourceDirectory C:\Users\Minal Kumari\Desktop\JAVA PROJECT CONSTRUCT\CustomerRelationshipManagement\src\test\resources
2023-06-13 19:11:38,127 [Worker-30: Building] INFO  o.e.m.c.i.embedder.EclipseLogger - Using 'UTF-8' encoding to copy filtered resources.
2023-06-13 19:11:38,129 [Worker-30: Building] INFO  o.e.m.c.i.embedder.EclipseLogger - Copying 1 resource
2023-06-13 19:11:38,133 [Worker-30: Building] INFO  o.e.m.c.i.embedder.EclipseLogger - Using 'UTF-8' encoding to copy filtered resources.
2023-06-13 19:11:38,134 [Worker-30: Building] INFO  o.e.m.c.i.embedder.EclipseLogger - skip non existing resourceDirectory C:\Users\Minal Kumari\Desktop\JAVA PROJECT CONSTRUCT\CustomerRelationshipManagement\src\test\resources
2023-06-13 19:12:19,072 [Worker-29: Building] INFO  o.e.m.c.i.embedder.EclipseLogger - Using 'UTF-8' encoding to copy filtered resources.
2023-06-13 19:12:19,075 [Worker-29: Building] INFO  o.e.m.c.i.embedder.EclipseLogger - Copying 1 resource
2023-06-13 19:12:19,081 [Worker-29: Building] INFO  o.e.m.c.i.embedder.EclipseLogger - Using 'UTF-8' encoding to copy filtered resources.
2023-06-13 19:12:19,081 [Worker-29: Building] INFO  o.e.m.c.i.embedder.EclipseLogger - skip non existing resourceDirectory C:\Users\Minal Kumari\Desktop\JAVA PROJECT CONSTRUCT\CustomerRelationshipManagement\src\test\resources
2023-06-13 19:12:54,442 [Worker-30: Building] INFO  o.e.m.c.i.embedder.EclipseLogger - Using 'UTF-8' encoding to copy filtered resources.
2023-06-13 19:12:54,443 [Worker-30: Building] INFO  o.e.m.c.i.embedder.EclipseLogger - Copying 1 resource
2023-06-13 19:12:54,446 [Worker-30: Building] INFO  o.e.m.c.i.embedder.EclipseLogger - Using 'UTF-8' encoding to copy filtered resources.
2023-06-13 19:12:54,446 [Worker-30: Building] INFO  o.e.m.c.i.embedder.EclipseLogger - skip non existing resourceDirectory C:\Users\Minal Kumari\Desktop\JAVA PROJECT CONSTRUCT\CustomerRelationshipManagement\src\test\resources
2023-06-13 19:14:17,074 [Worker-15: Building] INFO  o.e.m.c.i.embedder.EclipseLogger - Using 'UTF-8' encoding to copy filtered resources.
2023-06-13 19:14:17,078 [Worker-15: Building] INFO  o.e.m.c.i.embedder.EclipseLogger - Copying 1 resource
2023-06-13 19:14:17,084 [Worker-15: Building] INFO  o.e.m.c.i.embedder.EclipseLogger - Using 'UTF-8' encoding to copy filtered resources.
2023-06-13 19:14:17,084 [Worker-15: Building] INFO  o.e.m.c.i.embedder.EclipseLogger - skip non existing resourceDirectory C:\Users\Minal Kumari\Desktop\JAVA PROJECT CONSTRUCT\CustomerRelationshipManagement\src\test\resources
2023-06-14 18:01:48,171 [Worker-4: Loading available Gradle versions] INFO  o.e.b.c.i.u.g.PublishedGradleVersions - Gradle version information cache is out-of-date. Trying to update.
2023-06-14 18:09:43,428 [Worker-4: Building] WARN  o.e.m.c.i.embedder.EclipseLogger - The artifact org.hibernate:hibernate-core:jar:6.2.3.Final has been relocated to org.hibernate.orm:hibernate-core:jar:6.2.3.Final
2023-06-14 18:09:57,533 [Worker-4: Building] INFO  o.e.m.c.i.embedder.EclipseLogger - Using 'UTF-8' encoding to copy filtered resources.
2023-06-14 18:09:57,539 [Worker-4: Building] INFO  o.e.m.c.i.embedder.EclipseLogger - Copying 1 resource
2023-06-14 18:09:57,656 [Worker-4: Building] INFO  o.e.m.c.i.embedder.EclipseLogger - Using 'UTF-8' encoding to copy filtered resources.
2023-06-14 18:09:57,658 [Worker-4: Building] INFO  o.e.m.c.i.embedder.EclipseLogger - skip non existing resourceDirectory C:\Users\Minal Kumari\Desktop\JAVA PROJECT CONSTRUCT\CustomerRelationshipManagement\src\test\resources
2023-06-14 18:10:08,172 [Worker-4: Building] INFO  o.e.m.c.i.embedder.EclipseLogger - Using 'UTF-8' encoding to copy filtered resources.
2023-06-14 18:10:08,185 [Worker-4: Building] INFO  o.e.m.c.i.embedder.EclipseLogger - Copying 1 resource
2023-06-14 18:10:08,191 [Worker-4: Building] INFO  o.e.m.c.i.embedder.EclipseLogger - Using 'UTF-8' encoding to copy filtered resources.
2023-06-14 18:10:08,191 [Worker-4: Building] INFO  o.e.m.c.i.embedder.EclipseLogger - skip non existing resourceDirectory C:\Users\Minal Kumari\Desktop\JAVA PROJECT CONSTRUCT\CustomerRelationshipManagement\src\test\resources
2023-06-14 18:10:37,376 [Worker-14: Building] INFO  o.e.m.c.i.embedder.EclipseLogger - Using 'UTF-8' encoding to copy filtered resources.
2023-06-14 18:10:37,378 [Worker-14: Building] INFO  o.e.m.c.i.embedder.EclipseLogger - Copying 1 resource
2023-06-14 18:10:37,385 [Worker-14: Building] INFO  o.e.m.c.i.embedder.EclipseLogger - Using 'UTF-8' encoding to copy filtered resources.
2023-06-14 18:10:37,385 [Worker-14: Building] INFO  o.e.m.c.i.embedder.EclipseLogger - skip non existing resourceDirectory C:\Users\Minal Kumari\Desktop\JAVA PROJECT CONSTRUCT\CustomerRelationshipManagement\src\test\resources
2023-06-14 18:10:53,476 [Worker-12: Building] INFO  o.e.m.c.i.embedder.EclipseLogger - Using 'UTF-8' encoding to copy filtered resources.
2023-06-14 18:10:53,478 [Worker-12: Building] INFO  o.e.m.c.i.embedder.EclipseLogger - Copying 1 resource
2023-06-14 18:10:53,483 [Worker-12: Building] INFO  o.e.m.c.i.embedder.EclipseLogger - Using 'UTF-8' encoding to copy filtered resources.
2023-06-14 18:10:53,483 [Worker-12: Building] INFO  o.e.m.c.i.embedder.EclipseLogger - skip non existing resourceDirectory C:\Users\Minal Kumari\Desktop\JAVA PROJECT CONSTRUCT\CustomerRelationshipManagement\src\test\resources
2023-06-14 18:11:07,397 [Worker-14: Building] INFO  o.e.m.c.i.embedder.EclipseLogger - Using 'UTF-8' encoding to copy filtered resources.
2023-06-14 18:11:07,399 [Worker-14: Building] INFO  o.e.m.c.i.embedder.EclipseLogger - Copying 1 resource
2023-06-14 18:11:07,408 [Worker-14: Building] INFO  o.e.m.c.i.embedder.EclipseLogger - Using 'UTF-8' encoding to copy filtered resources.
2023-06-14 18:11:07,408 [Worker-14: Building] INFO  o.e.m.c.i.embedder.EclipseLogger - skip non existing resourceDirectory C:\Users\Minal Kumari\Desktop\JAVA PROJECT CONSTRUCT\CustomerRelationshipManagement\src\test\resources
2023-06-14 18:11:19,912 [Worker-9: Building] INFO  o.e.m.c.i.embedder.EclipseLogger - Using 'UTF-8' encoding to copy filtered resources.
2023-06-14 18:11:19,915 [Worker-9: Building] INFO  o.e.m.c.i.embedder.EclipseLogger - Copying 1 resource
2023-06-14 18:11:19,921 [Worker-9: Building] INFO  o.e.m.c.i.embedder.EclipseLogger - Using 'UTF-8' encoding to copy filtered resources.
2023-06-14 18:11:19,922 [Worker-9: Building] INFO  o.e.m.c.i.embedder.EclipseLogger - skip non existing resourceDirectory C:\Users\Minal Kumari\Desktop\JAVA PROJECT CONSTRUCT\CustomerRelationshipManagement\src\test\resources
2023-06-14 18:11:32,798 [Worker-13: Building] INFO  o.e.m.c.i.embedder.EclipseLogger - Using 'UTF-8' encoding to copy filtered resources.
2023-06-14 18:11:32,801 [Worker-13: Building] INFO  o.e.m.c.i.embedder.EclipseLogger - Copying 1 resource
2023-06-14 18:11:32,806 [Worker-13: Building] INFO  o.e.m.c.i.embedder.EclipseLogger - Using 'UTF-8' encoding to copy filtered resources.
2023-06-14 18:11:32,806 [Worker-13: Building] INFO  o.e.m.c.i.embedder.EclipseLogger - skip non existing resourceDirectory C:\Users\Minal Kumari\Desktop\JAVA PROJECT CONSTRUCT\CustomerRelationshipManagement\src\test\resources
2023-06-14 18:12:26,527 [Worker-9: Building] INFO  o.e.m.c.i.embedder.EclipseLogger - Using 'UTF-8' encoding to copy filtered resources.
2023-06-14 18:12:26,600 [Worker-9: Building] INFO  o.e.m.c.i.embedder.EclipseLogger - Copying 1 resource
2023-06-14 18:12:26,604 [Worker-9: Building] INFO  o.e.m.c.i.embedder.EclipseLogger - Using 'UTF-8' encoding to copy filtered resources.
2023-06-14 18:12:26,604 [Worker-9: Building] INFO  o.e.m.c.i.embedder.EclipseLogger - skip non existing resourceDirectory C:\Users\Minal Kumari\Desktop\JAVA PROJECT CONSTRUCT\CustomerRelationshipManagement\src\test\resources
2023-06-14 18:12:38,447 [Worker-11: Building] INFO  o.e.m.c.i.embedder.EclipseLogger - Using 'UTF-8' encoding to copy filtered resources.
2023-06-14 18:12:38,449 [Worker-11: Building] INFO  o.e.m.c.i.embedder.EclipseLogger - Copying 1 resource
2023-06-14 18:12:38,459 [Worker-11: Building] INFO  o.e.m.c.i.embedder.EclipseLogger - Using 'UTF-8' encoding to copy filtered resources.
2023-06-14 18:12:38,459 [Worker-11: Building] INFO  o.e.m.c.i.embedder.EclipseLogger - skip non existing resourceDirectory C:\Users\Minal Kumari\Desktop\JAVA PROJECT CONSTRUCT\CustomerRelationshipManagement\src\test\resources
2023-06-14 18:12:59,580 [Worker-9: Building] INFO  o.e.m.c.i.embedder.EclipseLogger - Using 'UTF-8' encoding to copy filtered resources.
2023-06-14 18:12:59,581 [Worker-9: Building] INFO  o.e.m.c.i.embedder.EclipseLogger - Copying 1 resource
2023-06-14 18:12:59,586 [Worker-9: Building] INFO  o.e.m.c.i.embedder.EclipseLogger - Using 'UTF-8' encoding to copy filtered resources.
2023-06-14 18:12:59,586 [Worker-9: Building] INFO  o.e.m.c.i.embedder.EclipseLogger - skip non existing resourceDirectory C:\Users\Minal Kumari\Desktop\JAVA PROJECT CONSTRUCT\CustomerRelationshipManagement\src\test\resources
2023-06-14 18:13:10,769 [Worker-14: Building] INFO  o.e.m.c.i.embedder.EclipseLogger - Using 'UTF-8' encoding to copy filtered resources.
2023-06-14 18:13:10,770 [Worker-14: Building] INFO  o.e.m.c.i.embedder.EclipseLogger - Copying 1 resource
2023-06-14 18:13:10,776 [Worker-14: Building] INFO  o.e.m.c.i.embedder.EclipseLogger - Using 'UTF-8' encoding to copy filtered resources.
2023-06-14 18:13:10,777 [Worker-14: Building] INFO  o.e.m.c.i.embedder.EclipseLogger - skip non existing resourceDirectory C:\Users\Minal Kumari\Desktop\JAVA PROJECT CONSTRUCT\CustomerRelationshipManagement\src\test\resources
2023-06-14 18:13:25,875 [Worker-4: Building] INFO  o.e.m.c.i.embedder.EclipseLogger - Using 'UTF-8' encoding to copy filtered resources.
2023-06-14 18:13:25,877 [Worker-4: Building] INFO  o.e.m.c.i.embedder.EclipseLogger - Copying 1 resource
2023-06-14 18:13:25,881 [Worker-4: Building] INFO  o.e.m.c.i.embedder.EclipseLogger - Using 'UTF-8' encoding to copy filtered resources.
2023-06-14 18:13:25,882 [Worker-4: Building] INFO  o.e.m.c.i.embedder.EclipseLogger - skip non existing resourceDirectory C:\Users\Minal Kumari\Desktop\JAVA PROJECT CONSTRUCT\CustomerRelationshipManagement\src\test\resources
2023-06-14 18:13:37,115 [Worker-4: Building] INFO  o.e.m.c.i.embedder.EclipseLogger - Using 'UTF-8' encoding to copy filtered resources.
2023-06-14 18:13:37,116 [Worker-4: Building] INFO  o.e.m.c.i.embedder.EclipseLogger - Copying 1 resource
2023-06-14 18:13:37,151 [Worker-4: Building] INFO  o.e.m.c.i.embedder.EclipseLogger - Using 'UTF-8' encoding to copy filtered resources.
2023-06-14 18:13:37,153 [Worker-4: Building] INFO  o.e.m.c.i.embedder.EclipseLogger - skip non existing resourceDirectory C:\Users\Minal Kumari\Desktop\JAVA PROJECT CONSTRUCT\CustomerRelationshipManagement\src\test\resources
2023-06-14 18:14:59,055 [Worker-13: Building] INFO  o.e.m.c.i.embedder.EclipseLogger - Using 'UTF-8' encoding to copy filtered resources.
2023-06-14 18:14:59,059 [Worker-13: Building] INFO  o.e.m.c.i.embedder.EclipseLogger - Copying 1 resource
2023-06-14 18:14:59,065 [Worker-13: Building] INFO  o.e.m.c.i.embedder.EclipseLogger - Using 'UTF-8' encoding to copy filtered resources.
2023-06-14 18:14:59,065 [Worker-13: Building] INFO  o.e.m.c.i.embedder.EclipseLogger - skip non existing resourceDirectory C:\Users\Minal Kumari\Desktop\JAVA PROJECT CONSTRUCT\CustomerRelationshipManagement\src\test\resources
2023-06-14 18:15:11,047 [Worker-12: Building] INFO  o.e.m.c.i.embedder.EclipseLogger - Using 'UTF-8' encoding to copy filtered resources.
2023-06-14 18:15:11,048 [Worker-12: Building] INFO  o.e.m.c.i.embedder.EclipseLogger - Copying 1 resource
2023-06-14 18:15:11,054 [Worker-12: Building] INFO  o.e.m.c.i.embedder.EclipseLogger - Using 'UTF-8' encoding to copy filtered resources.
2023-06-14 18:15:11,054 [Worker-12: Building] INFO  o.e.m.c.i.embedder.EclipseLogger - skip non existing resourceDirectory C:\Users\Minal Kumari\Desktop\JAVA PROJECT CONSTRUCT\CustomerRelationshipManagement\src\test\resources
2023-06-14 18:15:40,147 [Worker-14: Building] INFO  o.e.m.c.i.embedder.EclipseLogger - Using 'UTF-8' encoding to copy filtered resources.
2023-06-14 18:15:40,149 [Worker-14: Building] INFO  o.e.m.c.i.embedder.EclipseLogger - Copying 1 resource
2023-06-14 18:15:40,155 [Worker-14: Building] INFO  o.e.m.c.i.embedder.EclipseLogger - Using 'UTF-8' encoding to copy filtered resources.
2023-06-14 18:15:40,155 [Worker-14: Building] INFO  o.e.m.c.i.embedder.EclipseLogger - skip non existing resourceDirectory C:\Users\Minal Kumari\Desktop\JAVA PROJECT CONSTRUCT\CustomerRelationshipManagement\src\test\resources
2023-06-14 18:16:34,786 [Worker-9: Building] INFO  o.e.m.c.i.embedder.EclipseLogger - Using 'UTF-8' encoding to copy filtered resources.
2023-06-14 18:16:34,787 [Worker-9: Building] INFO  o.e.m.c.i.embedder.EclipseLogger - Copying 1 resource
2023-06-14 18:16:34,793 [Worker-9: Building] INFO  o.e.m.c.i.embedder.EclipseLogger - Using 'UTF-8' encoding to copy filtered resources.
2023-06-14 18:16:34,793 [Worker-9: Building] INFO  o.e.m.c.i.embedder.EclipseLogger - skip non existing resourceDirectory C:\Users\Minal Kumari\Desktop\JAVA PROJECT CONSTRUCT\CustomerRelationshipManagement\src\test\resources
2023-06-14 18:16:44,124 [Worker-12: Building] INFO  o.e.m.c.i.embedder.EclipseLogger - Using 'UTF-8' encoding to copy filtered resources.
2023-06-14 18:16:44,128 [Worker-12: Building] INFO  o.e.m.c.i.embedder.EclipseLogger - Copying 1 resource
2023-06-14 18:16:44,137 [Worker-12: Building] INFO  o.e.m.c.i.embedder.EclipseLogger - Using 'UTF-8' encoding to copy filtered resources.
2023-06-14 18:16:44,138 [Worker-12: Building] INFO  o.e.m.c.i.embedder.EclipseLogger - skip non existing resourceDirectory C:\Users\Minal Kumari\Desktop\JAVA PROJECT CONSTRUCT\CustomerRelationshipManagement\src\test\resources
2023-06-14 18:18:22,991 [Worker-15: Building] INFO  o.e.m.c.i.embedder.EclipseLogger - Using 'UTF-8' encoding to copy filtered resources.
2023-06-14 18:18:22,993 [Worker-15: Building] INFO  o.e.m.c.i.embedder.EclipseLogger - Copying 1 resource
2023-06-14 18:18:22,998 [Worker-15: Building] INFO  o.e.m.c.i.embedder.EclipseLogger - Using 'UTF-8' encoding to copy filtered resources.
2023-06-14 18:18:22,998 [Worker-15: Building] INFO  o.e.m.c.i.embedder.EclipseLogger - skip non existing resourceDirectory C:\Users\Minal Kumari\Desktop\JAVA PROJECT CONSTRUCT\CustomerRelationshipManagement\src\test\resources
2023-06-14 18:19:19,271 [Worker-14: Building] INFO  o.e.m.c.i.embedder.EclipseLogger - Using 'UTF-8' encoding to copy filtered resources.
2023-06-14 18:19:19,272 [Worker-14: Building] INFO  o.e.m.c.i.embedder.EclipseLogger - Copying 1 resource
2023-06-14 18:19:19,278 [Worker-14: Building] INFO  o.e.m.c.i.embedder.EclipseLogger - Using 'UTF-8' encoding to copy filtered resources.
2023-06-14 18:19:19,278 [Worker-14: Building] INFO  o.e.m.c.i.embedder.EclipseLogger - skip non existing resourceDirectory C:\Users\Minal Kumari\Desktop\JAVA PROJECT CONSTRUCT\CustomerRelationshipManagement\src\test\resources
2023-06-14 18:19:28,479 [Worker-15: Building] INFO  o.e.m.c.i.embedder.EclipseLogger - Using 'UTF-8' encoding to copy filtered resources.
2023-06-14 18:19:28,481 [Worker-15: Building] INFO  o.e.m.c.i.embedder.EclipseLogger - Copying 1 resource
2023-06-14 18:19:28,484 [Worker-15: Building] INFO  o.e.m.c.i.embedder.EclipseLogger - Using 'UTF-8' encoding to copy filtered resources.
2023-06-14 18:19:28,485 [Worker-15: Building] INFO  o.e.m.c.i.embedder.EclipseLogger - skip non existing resourceDirectory C:\Users\Minal Kumari\Desktop\JAVA PROJECT CONSTRUCT\CustomerRelationshipManagement\src\test\resources
2023-06-14 18:19:53,049 [Worker-13: Building] INFO  o.e.m.c.i.embedder.EclipseLogger - Using 'UTF-8' encoding to copy filtered resources.
2023-06-14 18:19:53,051 [Worker-13: Building] INFO  o.e.m.c.i.embedder.EclipseLogger - Copying 1 resource
2023-06-14 18:19:53,054 [Worker-13: Building] INFO  o.e.m.c.i.embedder.EclipseLogger - Using 'UTF-8' encoding to copy filtered resources.
2023-06-14 18:19:53,054 [Worker-13: Building] INFO  o.e.m.c.i.embedder.EclipseLogger - skip non existing resourceDirectory C:\Users\Minal Kumari\Desktop\JAVA PROJECT CONSTRUCT\CustomerRelationshipManagement\src\test\resources
2023-06-14 18:20:07,480 [Worker-11: Building] INFO  o.e.m.c.i.embedder.EclipseLogger - Using 'UTF-8' encoding to copy filtered resources.
2023-06-14 18:20:07,481 [Worker-11: Building] INFO  o.e.m.c.i.embedder.EclipseLogger - Copying 1 resource
2023-06-14 18:20:07,486 [Worker-11: Building] INFO  o.e.m.c.i.embedder.EclipseLogger - Using 'UTF-8' encoding to copy filtered resources.
2023-06-14 18:20:07,486 [Worker-11: Building] INFO  o.e.m.c.i.embedder.EclipseLogger - skip non existing resourceDirectory C:\Users\Minal Kumari\Desktop\JAVA PROJECT CONSTRUCT\CustomerRelationshipManagement\src\test\resources
2023-06-14 18:20:52,655 [Worker-4: Building] INFO  o.e.m.c.i.embedder.EclipseLogger - Using 'UTF-8' encoding to copy filtered resources.
2023-06-14 18:20:52,656 [Worker-4: Building] INFO  o.e.m.c.i.embedder.EclipseLogger - Copying 1 resource
2023-06-14 18:20:52,661 [Worker-4: Building] INFO  o.e.m.c.i.embedder.EclipseLogger - Using 'UTF-8' encoding to copy filtered resources.
2023-06-14 18:20:52,662 [Worker-4: Building] INFO  o.e.m.c.i.embedder.EclipseLogger - skip non existing resourceDirectory C:\Users\Minal Kumari\Desktop\JAVA PROJECT CONSTRUCT\CustomerRelationshipManagement\src\test\resources
2023-06-14 18:35:51,631 [Worker-17: Building] INFO  o.e.m.c.i.embedder.EclipseLogger - Using 'UTF-8' encoding to copy filtered resources.
2023-06-14 18:35:51,633 [Worker-17: Building] INFO  o.e.m.c.i.embedder.EclipseLogger - Copying 1 resource
2023-06-14 18:35:51,639 [Worker-17: Building] INFO  o.e.m.c.i.embedder.EclipseLogger - Using 'UTF-8' encoding to copy filtered resources.
2023-06-14 18:35:51,639 [Worker-17: Building] INFO  o.e.m.c.i.embedder.EclipseLogger - skip non existing resourceDirectory C:\Users\Minal Kumari\Desktop\JAVA PROJECT CONSTRUCT\CustomerRelationshipManagement\src\test\resources
2023-06-14 18:40:59,816 [Worker-4: Building] INFO  o.e.m.c.i.embedder.EclipseLogger - Using 'UTF-8' encoding to copy filtered resources.
2023-06-14 18:40:59,821 [Worker-4: Building] INFO  o.e.m.c.i.embedder.EclipseLogger - Copying 1 resource
2023-06-14 18:40:59,830 [Worker-4: Building] INFO  o.e.m.c.i.embedder.EclipseLogger - Using 'UTF-8' encoding to copy filtered resources.
2023-06-14 18:40:59,831 [Worker-4: Building] INFO  o.e.m.c.i.embedder.EclipseLogger - skip non existing resourceDirectory C:\Users\Minal Kumari\Desktop\JAVA PROJECT CONSTRUCT\CustomerRelationshipManagement\src\test\resources
2023-06-14 18:42:53,126 [Worker-19: Building] INFO  o.e.m.c.i.embedder.EclipseLogger - Using 'UTF-8' encoding to copy filtered resources.
2023-06-14 18:42:53,128 [Worker-19: Building] INFO  o.e.m.c.i.embedder.EclipseLogger - Copying 1 resource
2023-06-14 18:42:53,132 [Worker-19: Building] INFO  o.e.m.c.i.embedder.EclipseLogger - Using 'UTF-8' encoding to copy filtered resources.
2023-06-14 18:42:53,132 [Worker-19: Building] INFO  o.e.m.c.i.embedder.EclipseLogger - skip non existing resourceDirectory C:\Users\Minal Kumari\Desktop\JAVA PROJECT CONSTRUCT\CustomerRelationshipManagement\src\test\resources
2023-06-14 18:43:00,355 [Worker-17: Building] INFO  o.e.m.c.i.embedder.EclipseLogger - Using 'UTF-8' encoding to copy filtered resources.
2023-06-14 18:43:00,357 [Worker-17: Building] INFO  o.e.m.c.i.embedder.EclipseLogger - Copying 1 resource
2023-06-14 18:43:00,365 [Worker-17: Building] INFO  o.e.m.c.i.embedder.EclipseLogger - Using 'UTF-8' encoding to copy filtered resources.
2023-06-14 18:43:00,365 [Worker-17: Building] INFO  o.e.m.c.i.embedder.EclipseLogger - skip non existing resourceDirectory C:\Users\Minal Kumari\Desktop\JAVA PROJECT CONSTRUCT\CustomerRelationshipManagement\src\test\resources
2023-06-14 18:43:27,915 [Worker-4: Building] INFO  o.e.m.c.i.embedder.EclipseLogger - Using 'UTF-8' encoding to copy filtered resources.
2023-06-14 18:43:27,919 [Worker-4: Building] INFO  o.e.m.c.i.embedder.EclipseLogger - Copying 1 resource
2023-06-14 18:43:27,927 [Worker-4: Building] INFO  o.e.m.c.i.embedder.EclipseLogger - Using 'UTF-8' encoding to copy filtered resources.
2023-06-14 18:43:27,927 [Worker-4: Building] INFO  o.e.m.c.i.embedder.EclipseLogger - skip non existing resourceDirectory C:\Users\Minal Kumari\Desktop\JAVA PROJECT CONSTRUCT\CustomerRelationshipManagement\src\test\resources
2023-06-14 18:43:58,645 [Worker-17: Building] INFO  o.e.m.c.i.embedder.EclipseLogger - Using 'UTF-8' encoding to copy filtered resources.
2023-06-14 18:43:58,647 [Worker-17: Building] INFO  o.e.m.c.i.embedder.EclipseLogger - Copying 1 resource
2023-06-14 18:43:58,654 [Worker-17: Building] INFO  o.e.m.c.i.embedder.EclipseLogger - Using 'UTF-8' encoding to copy filtered resources.
2023-06-14 18:43:58,654 [Worker-17: Building] INFO  o.e.m.c.i.embedder.EclipseLogger - skip non existing resourceDirectory C:\Users\Minal Kumari\Desktop\JAVA PROJECT CONSTRUCT\CustomerRelationshipManagement\src\test\resources
2023-06-14 18:44:41,883 [Worker-19: Building] INFO  o.e.m.c.i.embedder.EclipseLogger - Using 'UTF-8' encoding to copy filtered resources.
2023-06-14 18:44:41,885 [Worker-19: Building] INFO  o.e.m.c.i.embedder.EclipseLogger - Copying 1 resource
2023-06-14 18:44:41,889 [Worker-19: Building] INFO  o.e.m.c.i.embedder.EclipseLogger - Using 'UTF-8' encoding to copy filtered resources.
2023-06-14 18:44:41,890 [Worker-19: Building] INFO  o.e.m.c.i.embedder.EclipseLogger - skip non existing resourceDirectory C:\Users\Minal Kumari\Desktop\JAVA PROJECT CONSTRUCT\CustomerRelationshipManagement\src\test\resources
2023-06-14 18:44:52,238 [Worker-20: Building] INFO  o.e.m.c.i.embedder.EclipseLogger - Using 'UTF-8' encoding to copy filtered resources.
2023-06-14 18:44:52,239 [Worker-20: Building] INFO  o.e.m.c.i.embedder.EclipseLogger - Copying 1 resource
2023-06-14 18:44:52,245 [Worker-20: Building] INFO  o.e.m.c.i.embedder.EclipseLogger - Using 'UTF-8' encoding to copy filtered resources.
2023-06-14 18:44:52,245 [Worker-20: Building] INFO  o.e.m.c.i.embedder.EclipseLogger - skip non existing resourceDirectory C:\Users\Minal Kumari\Desktop\JAVA PROJECT CONSTRUCT\CustomerRelationshipManagement\src\test\resources
2023-06-14 18:45:08,353 [Worker-9: Building] INFO  o.e.m.c.i.embedder.EclipseLogger - Using 'UTF-8' encoding to copy filtered resources.
2023-06-14 18:45:08,357 [Worker-9: Building] INFO  o.e.m.c.i.embedder.EclipseLogger - Copying 1 resource
2023-06-14 18:45:08,368 [Worker-9: Building] INFO  o.e.m.c.i.embedder.EclipseLogger - Using 'UTF-8' encoding to copy filtered resources.
2023-06-14 18:45:08,368 [Worker-9: Building] INFO  o.e.m.c.i.embedder.EclipseLogger - skip non existing resourceDirectory C:\Users\Minal Kumari\Desktop\JAVA PROJECT CONSTRUCT\CustomerRelationshipManagement\src\test\resources
2023-06-14 18:45:21,396 [Worker-19: Building] INFO  o.e.m.c.i.embedder.EclipseLogger - Using 'UTF-8' encoding to copy filtered resources.
2023-06-14 18:45:21,399 [Worker-19: Building] INFO  o.e.m.c.i.embedder.EclipseLogger - Copying 1 resource
2023-06-14 18:45:21,408 [Worker-19: Building] INFO  o.e.m.c.i.embedder.EclipseLogger - Using 'UTF-8' encoding to copy filtered resources.
2023-06-14 18:45:21,409 [Worker-19: Building] INFO  o.e.m.c.i.embedder.EclipseLogger - skip non existing resourceDirectory C:\Users\Minal Kumari\Desktop\JAVA PROJECT CONSTRUCT\CustomerRelationshipManagement\src\test\resources
2023-06-14 18:45:37,699 [Worker-18: Building] INFO  o.e.m.c.i.embedder.EclipseLogger - Using 'UTF-8' encoding to copy filtered resources.
2023-06-14 18:45:37,703 [Worker-18: Building] INFO  o.e.m.c.i.embedder.EclipseLogger - Copying 1 resource
2023-06-14 18:45:37,712 [Worker-18: Building] INFO  o.e.m.c.i.embedder.EclipseLogger - Using 'UTF-8' encoding to copy filtered resources.
2023-06-14 18:45:37,712 [Worker-18: Building] INFO  o.e.m.c.i.embedder.EclipseLogger - skip non existing resourceDirectory C:\Users\Minal Kumari\Desktop\JAVA PROJECT CONSTRUCT\CustomerRelationshipManagement\src\test\resources
2023-06-14 18:49:54,368 [Worker-22: Building] INFO  o.e.m.c.i.embedder.EclipseLogger - Using 'UTF-8' encoding to copy filtered resources.
2023-06-14 18:49:54,370 [Worker-22: Building] INFO  o.e.m.c.i.embedder.EclipseLogger - Copying 1 resource
2023-06-14 18:49:54,375 [Worker-22: Building] INFO  o.e.m.c.i.embedder.EclipseLogger - Using 'UTF-8' encoding to copy filtered resources.
2023-06-14 18:49:54,375 [Worker-22: Building] INFO  o.e.m.c.i.embedder.EclipseLogger - skip non existing resourceDirectory C:\Users\Minal Kumari\Desktop\JAVA PROJECT CONSTRUCT\CustomerRelationshipManagement\src\test\resources
2023-06-14 18:57:13,754 [Worker-21: Building] INFO  o.e.m.c.i.embedder.EclipseLogger - Using 'UTF-8' encoding to copy filtered resources.
2023-06-14 18:57:13,758 [Worker-21: Building] INFO  o.e.m.c.i.embedder.EclipseLogger - Copying 1 resource
2023-06-14 18:57:13,763 [Worker-21: Building] INFO  o.e.m.c.i.embedder.EclipseLogger - Using 'UTF-8' encoding to copy filtered resources.
2023-06-14 18:57:13,763 [Worker-21: Building] INFO  o.e.m.c.i.embedder.EclipseLogger - skip non existing resourceDirectory C:\Users\Minal Kumari\Desktop\JAVA PROJECT CONSTRUCT\CustomerRelationshipManagement\src\test\resources
2023-06-14 19:02:52,399 [Worker-19: Building] INFO  o.e.m.c.i.embedder.EclipseLogger - Using 'UTF-8' encoding to copy filtered resources.
2023-06-14 19:02:52,401 [Worker-19: Building] INFO  o.e.m.c.i.embedder.EclipseLogger - Copying 1 resource
2023-06-14 19:02:52,405 [Worker-19: Building] INFO  o.e.m.c.i.embedder.EclipseLogger - Using 'UTF-8' encoding to copy filtered resources.
2023-06-14 19:02:52,405 [Worker-19: Building] INFO  o.e.m.c.i.embedder.EclipseLogger - skip non existing resourceDirectory C:\Users\Minal Kumari\Desktop\JAVA PROJECT CONSTRUCT\CustomerRelationshipManagement\src\test\resources
2023-06-14 19:26:57,515 [Worker-25: Building] INFO  o.e.m.c.i.embedder.EclipseLogger - Using 'UTF-8' encoding to copy filtered resources.
2023-06-14 19:26:57,517 [Worker-25: Building] INFO  o.e.m.c.i.embedder.EclipseLogger - Copying 1 resource
2023-06-14 19:26:57,522 [Worker-25: Building] INFO  o.e.m.c.i.embedder.EclipseLogger - Using 'UTF-8' encoding to copy filtered resources.
2023-06-14 19:26:57,522 [Worker-25: Building] INFO  o.e.m.c.i.embedder.EclipseLogger - skip non existing resourceDirectory C:\Users\Minal Kumari\Desktop\JAVA PROJECT CONSTRUCT\CustomerRelationshipManagement\src\test\resources
2023-06-14 19:28:28,612 [Worker-25: Building] INFO  o.e.m.c.i.embedder.EclipseLogger - Using 'UTF-8' encoding to copy filtered resources.
2023-06-14 19:28:28,613 [Worker-25: Building] INFO  o.e.m.c.i.embedder.EclipseLogger - Copying 1 resource
2023-06-14 19:28:28,617 [Worker-25: Building] INFO  o.e.m.c.i.embedder.EclipseLogger - Using 'UTF-8' encoding to copy filtered resources.
2023-06-14 19:28:28,618 [Worker-25: Building] INFO  o.e.m.c.i.embedder.EclipseLogger - skip non existing resourceDirectory C:\Users\Minal Kumari\Desktop\JAVA PROJECT CONSTRUCT\CustomerRelationshipManagement\src\test\resources
2023-06-14 19:36:41,608 [Worker-29: Building] INFO  o.e.m.c.i.embedder.EclipseLogger - Using 'UTF-8' encoding to copy filtered resources.
2023-06-14 19:36:41,610 [Worker-29: Building] INFO  o.e.m.c.i.embedder.EclipseLogger - Copying 1 resource
2023-06-14 19:36:41,615 [Worker-29: Building] INFO  o.e.m.c.i.embedder.EclipseLogger - Using 'UTF-8' encoding to copy filtered resources.
2023-06-14 19:36:41,615 [Worker-29: Building] INFO  o.e.m.c.i.embedder.EclipseLogger - skip non existing resourceDirectory C:\Users\Minal Kumari\Desktop\JAVA PROJECT CONSTRUCT\CustomerRelationshipManagement\src\test\resources
2023-06-14 19:41:18,658 [Worker-29: Building] INFO  o.e.m.c.i.embedder.EclipseLogger - Using 'UTF-8' encoding to copy filtered resources.
2023-06-14 19:41:18,661 [Worker-29: Building] INFO  o.e.m.c.i.embedder.EclipseLogger - Copying 1 resource
2023-06-14 19:41:18,671 [Worker-29: Building] INFO  o.e.m.c.i.embedder.EclipseLogger - Using 'UTF-8' encoding to copy filtered resources.
2023-06-14 19:41:18,672 [Worker-29: Building] INFO  o.e.m.c.i.embedder.EclipseLogger - skip non existing resourceDirectory C:\Users\Minal Kumari\Desktop\JAVA PROJECT CONSTRUCT\CustomerRelationshipManagement\src\test\resources
2023-06-14 19:42:03,913 [Worker-32: Building] INFO  o.e.m.c.i.embedder.EclipseLogger - Using 'UTF-8' encoding to copy filtered resources.
2023-06-14 19:42:03,916 [Worker-32: Building] INFO  o.e.m.c.i.embedder.EclipseLogger - Copying 1 resource
2023-06-14 19:42:03,920 [Worker-32: Building] INFO  o.e.m.c.i.embedder.EclipseLogger - Using 'UTF-8' encoding to copy filtered resources.
2023-06-14 19:42:03,920 [Worker-32: Building] INFO  o.e.m.c.i.embedder.EclipseLogger - skip non existing resourceDirectory C:\Users\Minal Kumari\Desktop\JAVA PROJECT CONSTRUCT\CustomerRelationshipManagement\src\test\resources
2023-06-14 19:42:09,773 [Worker-29: Building] INFO  o.e.m.c.i.embedder.EclipseLogger - Using 'UTF-8' encoding to copy filtered resources.
2023-06-14 19:42:09,776 [Worker-29: Building] INFO  o.e.m.c.i.embedder.EclipseLogger - Copying 1 resource
2023-06-14 19:42:09,784 [Worker-29: Building] INFO  o.e.m.c.i.embedder.EclipseLogger - Using 'UTF-8' encoding to copy filtered resources.
2023-06-14 19:42:09,784 [Worker-29: Building] INFO  o.e.m.c.i.embedder.EclipseLogger - skip non existing resourceDirectory C:\Users\Minal Kumari\Desktop\JAVA PROJECT CONSTRUCT\CustomerRelationshipManagement\src\test\resources
2023-06-14 19:47:45,108 [Worker-35: Building] INFO  o.e.m.c.i.embedder.EclipseLogger - Using 'UTF-8' encoding to copy filtered resources.
2023-06-14 19:47:45,111 [Worker-35: Building] INFO  o.e.m.c.i.embedder.EclipseLogger - Copying 1 resource
2023-06-14 19:47:45,118 [Worker-35: Building] INFO  o.e.m.c.i.embedder.EclipseLogger - Using 'UTF-8' encoding to copy filtered resources.
2023-06-14 19:47:45,118 [Worker-35: Building] INFO  o.e.m.c.i.embedder.EclipseLogger - skip non existing resourceDirectory C:\Users\Minal Kumari\Desktop\JAVA PROJECT CONSTRUCT\CustomerRelationshipManagement\src\test\resources
2023-06-14 20:54:23,244 [Worker-34: Building] INFO  o.e.m.c.i.embedder.EclipseLogger - Using 'UTF-8' encoding to copy filtered resources.
2023-06-14 20:54:23,247 [Worker-34: Building] INFO  o.e.m.c.i.embedder.EclipseLogger - Copying 1 resource
2023-06-14 20:54:23,256 [Worker-34: Building] INFO  o.e.m.c.i.embedder.EclipseLogger - Using 'UTF-8' encoding to copy filtered resources.
2023-06-14 20:54:23,256 [Worker-34: Building] INFO  o.e.m.c.i.embedder.EclipseLogger - skip non existing resourceDirectory C:\Users\Minal Kumari\Desktop\JAVA PROJECT CONSTRUCT\CustomerRelationshipManagement\src\test\resources
2023-06-14 21:10:06,033 [Worker-40: Building] INFO  o.e.m.c.i.embedder.EclipseLogger - Using 'UTF-8' encoding to copy filtered resources.
2023-06-14 21:10:06,036 [Worker-40: Building] INFO  o.e.m.c.i.embedder.EclipseLogger - Copying 1 resource
2023-06-14 21:10:06,043 [Worker-40: Building] INFO  o.e.m.c.i.embedder.EclipseLogger - Using 'UTF-8' encoding to copy filtered resources.
2023-06-14 21:10:06,043 [Worker-40: Building] INFO  o.e.m.c.i.embedder.EclipseLogger - skip non existing resourceDirectory C:\Users\Minal Kumari\Desktop\JAVA PROJECT CONSTRUCT\CustomerRelationshipManagement\src\test\resources
2023-06-14 21:18:44,698 [Worker-50: Building] INFO  o.e.m.c.i.embedder.EclipseLogger - Using 'UTF-8' encoding to copy filtered resources.
2023-06-14 21:18:44,699 [Worker-50: Building] INFO  o.e.m.c.i.embedder.EclipseLogger - Copying 1 resource
2023-06-14 21:18:44,704 [Worker-50: Building] INFO  o.e.m.c.i.embedder.EclipseLogger - Using 'UTF-8' encoding to copy filtered resources.
2023-06-14 21:18:44,704 [Worker-50: Building] INFO  o.e.m.c.i.embedder.EclipseLogger - skip non existing resourceDirectory C:\Users\Minal Kumari\Desktop\JAVA PROJECT CONSTRUCT\CustomerRelationshipManagement\src\test\resources
2023-06-14 21:19:30,318 [Worker-52: Building] INFO  o.e.m.c.i.embedder.EclipseLogger - Using 'UTF-8' encoding to copy filtered resources.
2023-06-14 21:19:30,319 [Worker-52: Building] INFO  o.e.m.c.i.embedder.EclipseLogger - Copying 1 resource
2023-06-14 21:19:30,324 [Worker-52: Building] INFO  o.e.m.c.i.embedder.EclipseLogger - Using 'UTF-8' encoding to copy filtered resources.
2023-06-14 21:19:30,325 [Worker-52: Building] INFO  o.e.m.c.i.embedder.EclipseLogger - skip non existing resourceDirectory C:\Users\Minal Kumari\Desktop\JAVA PROJECT CONSTRUCT\CustomerRelationshipManagement\src\test\resources
2023-06-14 21:20:01,126 [Worker-51: Building] INFO  o.e.m.c.i.embedder.EclipseLogger - Using 'UTF-8' encoding to copy filtered resources.
2023-06-14 21:20:01,128 [Worker-51: Building] INFO  o.e.m.c.i.embedder.EclipseLogger - Copying 1 resource
2023-06-14 21:20:01,133 [Worker-51: Building] INFO  o.e.m.c.i.embedder.EclipseLogger - Using 'UTF-8' encoding to copy filtered resources.
2023-06-14 21:20:01,133 [Worker-51: Building] INFO  o.e.m.c.i.embedder.EclipseLogger - skip non existing resourceDirectory C:\Users\Minal Kumari\Desktop\JAVA PROJECT CONSTRUCT\CustomerRelationshipManagement\src\test\resources
2023-06-14 21:20:08,479 [Worker-51: Building] INFO  o.e.m.c.i.embedder.EclipseLogger - Using 'UTF-8' encoding to copy filtered resources.
2023-06-14 21:20:08,491 [Worker-51: Building] INFO  o.e.m.c.i.embedder.EclipseLogger - Copying 1 resource
2023-06-14 21:20:08,497 [Worker-51: Building] INFO  o.e.m.c.i.embedder.EclipseLogger - Using 'UTF-8' encoding to copy filtered resources.
2023-06-14 21:20:08,497 [Worker-51: Building] INFO  o.e.m.c.i.embedder.EclipseLogger - skip non existing resourceDirectory C:\Users\Minal Kumari\Desktop\JAVA PROJECT CONSTRUCT\CustomerRelationshipManagement\src\test\resources
2023-06-14 21:31:19,564 [Worker-53: Building] INFO  o.e.m.c.i.embedder.EclipseLogger - Using 'UTF-8' encoding to copy filtered resources.
2023-06-14 21:31:19,565 [Worker-53: Building] INFO  o.e.m.c.i.embedder.EclipseLogger - Copying 1 resource
2023-06-14 21:31:19,569 [Worker-53: Building] INFO  o.e.m.c.i.embedder.EclipseLogger - Using 'UTF-8' encoding to copy filtered resources.
2023-06-14 21:31:19,569 [Worker-53: Building] INFO  o.e.m.c.i.embedder.EclipseLogger - skip non existing resourceDirectory C:\Users\Minal Kumari\Desktop\JAVA PROJECT CONSTRUCT\CustomerRelationshipManagement\src\test\resources
2023-06-14 21:37:53,049 [Worker-58: Building] INFO  o.e.m.c.i.embedder.EclipseLogger - Using 'UTF-8' encoding to copy filtered resources.
2023-06-14 21:37:53,051 [Worker-58: Building] INFO  o.e.m.c.i.embedder.EclipseLogger - Copying 1 resource
2023-06-14 21:37:53,058 [Worker-58: Building] INFO  o.e.m.c.i.embedder.EclipseLogger - Using 'UTF-8' encoding to copy filtered resources.
2023-06-14 21:37:53,058 [Worker-58: Building] INFO  o.e.m.c.i.embedder.EclipseLogger - skip non existing resourceDirectory C:\Users\Minal Kumari\Desktop\JAVA PROJECT CONSTRUCT\CustomerRelationshipManagement\src\test\resources
2023-06-14 21:42:20,425 [Worker-49: Building] INFO  o.e.m.c.i.embedder.EclipseLogger - Using 'UTF-8' encoding to copy filtered resources.
2023-06-14 21:42:20,427 [Worker-49: Building] INFO  o.e.m.c.i.embedder.EclipseLogger - Copying 1 resource
2023-06-14 21:42:20,432 [Worker-49: Building] INFO  o.e.m.c.i.embedder.EclipseLogger - Using 'UTF-8' encoding to copy filtered resources.
2023-06-14 21:42:20,433 [Worker-49: Building] INFO  o.e.m.c.i.embedder.EclipseLogger - skip non existing resourceDirectory C:\Users\Minal Kumari\Desktop\JAVA PROJECT CONSTRUCT\CustomerRelationshipManagement\src\test\resources
2023-06-14 21:43:56,286 [Worker-60: Building] INFO  o.e.m.c.i.embedder.EclipseLogger - Using 'UTF-8' encoding to copy filtered resources.
2023-06-14 21:43:56,287 [Worker-60: Building] INFO  o.e.m.c.i.embedder.EclipseLogger - Copying 1 resource
2023-06-14 21:43:56,291 [Worker-60: Building] INFO  o.e.m.c.i.embedder.EclipseLogger - Using 'UTF-8' encoding to copy filtered resources.
2023-06-14 21:43:56,292 [Worker-60: Building] INFO  o.e.m.c.i.embedder.EclipseLogger - skip non existing resourceDirectory C:\Users\Minal Kumari\Desktop\JAVA PROJECT CONSTRUCT\CustomerRelationshipManagement\src\test\resources
2023-06-14 21:50:40,209 [Worker-54: Building] INFO  o.e.m.c.i.embedder.EclipseLogger - Using 'UTF-8' encoding to copy filtered resources.
2023-06-14 21:50:40,210 [Worker-54: Building] INFO  o.e.m.c.i.embedder.EclipseLogger - Copying 1 resource
2023-06-14 21:50:40,215 [Worker-54: Building] INFO  o.e.m.c.i.embedder.EclipseLogger - Using 'UTF-8' encoding to copy filtered resources.
2023-06-14 21:50:40,215 [Worker-54: Building] INFO  o.e.m.c.i.embedder.EclipseLogger - skip non existing resourceDirectory C:\Users\Minal Kumari\Desktop\JAVA PROJECT CONSTRUCT\CustomerRelationshipManagement\src\test\resources
2023-06-14 21:54:15,749 [Worker-49: Building] INFO  o.e.m.c.i.embedder.EclipseLogger - Using 'UTF-8' encoding to copy filtered resources.
2023-06-14 21:54:15,751 [Worker-49: Building] INFO  o.e.m.c.i.embedder.EclipseLogger - Copying 1 resource
2023-06-14 21:54:15,753 [Worker-49: Building] INFO  o.e.m.c.i.embedder.EclipseLogger - Using 'UTF-8' encoding to copy filtered resources.
2023-06-14 21:54:15,753 [Worker-49: Building] INFO  o.e.m.c.i.embedder.EclipseLogger - skip non existing resourceDirectory C:\Users\Minal Kumari\Desktop\JAVA PROJECT CONSTRUCT\CustomerRelationshipManagement\src\test\resources
2023-06-14 21:54:22,605 [Worker-59: Building] INFO  o.e.m.c.i.embedder.EclipseLogger - Using 'UTF-8' encoding to copy filtered resources.
2023-06-14 21:54:22,606 [Worker-59: Building] INFO  o.e.m.c.i.embedder.EclipseLogger - Copying 1 resource
2023-06-14 21:54:22,612 [Worker-59: Building] INFO  o.e.m.c.i.embedder.EclipseLogger - Using 'UTF-8' encoding to copy filtered resources.
2023-06-14 21:54:22,612 [Worker-59: Building] INFO  o.e.m.c.i.embedder.EclipseLogger - skip non existing resourceDirectory C:\Users\Minal Kumari\Desktop\JAVA PROJECT CONSTRUCT\CustomerRelationshipManagement\src\test\resources
2023-06-14 21:57:47,017 [Worker-64: Building] INFO  o.e.m.c.i.embedder.EclipseLogger - Using 'UTF-8' encoding to copy filtered resources.
2023-06-14 21:57:47,019 [Worker-64: Building] INFO  o.e.m.c.i.embedder.EclipseLogger - Copying 1 resource
2023-06-14 21:57:47,023 [Worker-64: Building] INFO  o.e.m.c.i.embedder.EclipseLogger - Using 'UTF-8' encoding to copy filtered resources.
2023-06-14 21:57:47,023 [Worker-64: Building] INFO  o.e.m.c.i.embedder.EclipseLogger - skip non existing resourceDirectory C:\Users\Minal Kumari\Desktop\JAVA PROJECT CONSTRUCT\CustomerRelationshipManagement\src\test\resources
2023-06-14 22:02:41,233 [Worker-63: Building] INFO  o.e.m.c.i.embedder.EclipseLogger - Using 'UTF-8' encoding to copy filtered resources.
2023-06-14 22:02:41,235 [Worker-63: Building] INFO  o.e.m.c.i.embedder.EclipseLogger - Copying 1 resource
2023-06-14 22:02:41,239 [Worker-63: Building] INFO  o.e.m.c.i.embedder.EclipseLogger - Using 'UTF-8' encoding to copy filtered resources.
2023-06-14 22:02:41,239 [Worker-63: Building] INFO  o.e.m.c.i.embedder.EclipseLogger - skip non existing resourceDirectory C:\Users\Minal Kumari\Desktop\JAVA PROJECT CONSTRUCT\CustomerRelationshipManagement\src\test\resources
2023-06-14 22:02:54,419 [Worker-66: Building] INFO  o.e.m.c.i.embedder.EclipseLogger - Using 'UTF-8' encoding to copy filtered resources.
2023-06-14 22:02:54,420 [Worker-66: Building] INFO  o.e.m.c.i.embedder.EclipseLogger - Copying 1 resource
2023-06-14 22:02:54,425 [Worker-66: Building] INFO  o.e.m.c.i.embedder.EclipseLogger - Using 'UTF-8' encoding to copy filtered resources.
2023-06-14 22:02:54,425 [Worker-66: Building] INFO  o.e.m.c.i.embedder.EclipseLogger - skip non existing resourceDirectory C:\Users\Minal Kumari\Desktop\JAVA PROJECT CONSTRUCT\CustomerRelationshipManagement\src\test\resources
2023-06-14 22:03:08,719 [Worker-49: Building] INFO  o.e.m.c.i.embedder.EclipseLogger - Using 'UTF-8' encoding to copy filtered resources.
2023-06-14 22:03:08,722 [Worker-49: Building] INFO  o.e.m.c.i.embedder.EclipseLogger - Copying 1 resource
2023-06-14 22:03:08,728 [Worker-49: Building] INFO  o.e.m.c.i.embedder.EclipseLogger - Using 'UTF-8' encoding to copy filtered resources.
2023-06-14 22:03:08,728 [Worker-49: Building] INFO  o.e.m.c.i.embedder.EclipseLogger - skip non existing resourceDirectory C:\Users\Minal Kumari\Desktop\JAVA PROJECT CONSTRUCT\CustomerRelationshipManagement\src\test\resources
2023-06-14 22:05:42,237 [Worker-49: Building] INFO  o.e.m.c.i.embedder.EclipseLogger - Using 'UTF-8' encoding to copy filtered resources.
2023-06-14 22:05:42,239 [Worker-49: Building] INFO  o.e.m.c.i.embedder.EclipseLogger - Copying 1 resource
2023-06-14 22:05:42,244 [Worker-49: Building] INFO  o.e.m.c.i.embedder.EclipseLogger - Using 'UTF-8' encoding to copy filtered resources.
2023-06-14 22:05:42,245 [Worker-49: Building] INFO  o.e.m.c.i.embedder.EclipseLogger - skip non existing resourceDirectory C:\Users\Minal Kumari\Desktop\JAVA PROJECT CONSTRUCT\CustomerRelationshipManagement\src\test\resources
2023-06-14 22:06:46,204 [Worker-49: Building] INFO  o.e.m.c.i.embedder.EclipseLogger - Using 'UTF-8' encoding to copy filtered resources.
2023-06-14 22:06:46,205 [Worker-49: Building] INFO  o.e.m.c.i.embedder.EclipseLogger - Copying 1 resource
2023-06-14 22:06:46,210 [Worker-49: Building] INFO  o.e.m.c.i.embedder.EclipseLogger - Using 'UTF-8' encoding to copy filtered resources.
2023-06-14 22:06:46,210 [Worker-49: Building] INFO  o.e.m.c.i.embedder.EclipseLogger - skip non existing resourceDirectory C:\Users\Minal Kumari\Desktop\JAVA PROJECT CONSTRUCT\CustomerRelationshipManagement\src\test\resources
2023-06-14 22:06:53,737 [Worker-63: Building] INFO  o.e.m.c.i.embedder.EclipseLogger - Using 'UTF-8' encoding to copy filtered resources.
2023-06-14 22:06:53,738 [Worker-63: Building] INFO  o.e.m.c.i.embedder.EclipseLogger - Copying 1 resource
2023-06-14 22:06:53,742 [Worker-63: Building] INFO  o.e.m.c.i.embedder.EclipseLogger - Using 'UTF-8' encoding to copy filtered resources.
2023-06-14 22:06:53,742 [Worker-63: Building] INFO  o.e.m.c.i.embedder.EclipseLogger - skip non existing resourceDirectory C:\Users\Minal Kumari\Desktop\JAVA PROJECT CONSTRUCT\CustomerRelationshipManagement\src\test\resources
2023-06-14 22:07:23,896 [Worker-63: Building] INFO  o.e.m.c.i.embedder.EclipseLogger - Using 'UTF-8' encoding to copy filtered resources.
2023-06-14 22:07:23,897 [Worker-63: Building] INFO  o.e.m.c.i.embedder.EclipseLogger - Copying 1 resource
2023-06-14 22:07:23,900 [Worker-63: Building] INFO  o.e.m.c.i.embedder.EclipseLogger - Using 'UTF-8' encoding to copy filtered resources.
2023-06-14 22:07:23,900 [Worker-63: Building] INFO  o.e.m.c.i.embedder.EclipseLogger - skip non existing resourceDirectory C:\Users\Minal Kumari\Desktop\JAVA PROJECT CONSTRUCT\CustomerRelationshipManagement\src\test\resources
